<?xml version="1.0" encoding="UTF-8"?>
<!-- Generated by org.testng.reporters.JUnitXMLReporter -->
<testsuite ignored="0" hostname="0301ff95a1c3529" failures="0" tests="10" name="Surefire test" time="26.244" errors="0" timestamp="2026-02-23T10:14:37 IST">
  <testcase classname="movies.test.LoginTest" name="testDemoUserFunctionality" time="0.304"/>
  <testcase classname="movies.test.LoginTest" name="testEmailAutocompleteAttribute" time="0.058"/>
  <testcase classname="movies.test.LoginTest" name="testEmptyLoginAttempt" time="0.229"/>
  <testcase classname="movies.test.LoginTest" name="testEnterKeySubmission" time="0.313"/>
  <testcase classname="movies.test.LoginTest" name="testErrorMessageVisibility" time="0.516"/>
  <testcase classname="movies.test.LoginTest" name="testInputPersistenceBeforeSubmit" time="0.531"/>
  <testcase classname="movies.test.LoginTest" name="testLoginButtonState" time="0.078"/>
  <testcase classname="movies.test.LoginTest" name="testNavigationToRegister" time="0.205"/>
  <testcase classname="movies.test.LoginTest" name="testPasswordMasking" time="0.055"/>
  <testcase classname="movies.test.LoginTest" name="testPlaceholderText" time="0.088"/>
</testsuite> <!-- Surefire test -->
