<?xml version="1.0" encoding="UTF-8"?>
<!-- Generated by org.testng.reporters.JUnitReportReporter -->
<testsuite hostname="0301ff95a1c3529" failures="0" tests="10" name="movies.test.LoginTest" time="25.239" errors="0" timestamp="2026-02-23T10:14:37 IST" skipped="0">
  <testcase classname="movies.test.LoginTest" name="testEmptyLoginAttempt" time="2.527"/>
  <testcase classname="movies.test.LoginTest" name="testNavigationToRegister" time="3.986"/>
  <testcase classname="movies.test.LoginTest" name="testEnterKeySubmission" time="2.371"/>
  <testcase classname="movies.test.LoginTest" name="testErrorMessageVisibility" time="2.739"/>
  <testcase classname="movies.test.LoginTest" name="testDemoUserFunctionality" time="2.705"/>
  <testcase classname="movies.test.LoginTest" name="testInputPersistenceBeforeSubmit" time="2.543"/>
  <testcase classname="movies.test.LoginTest" name="testEmailAutocompleteAttribute" time="1.991"/>
  <testcase classname="movies.test.LoginTest" name="testLoginButtonState" time="2.198"/>
  <testcase classname="movies.test.LoginTest" name="testPasswordMasking" time="2.149"/>
  <testcase classname="movies.test.LoginTest" name="testPlaceholderText" time="2.030"/>
</testsuite> <!-- movies.test.LoginTest -->
